<?xml version="1.0" encoding="UTF-8"?>
<testsuites name="Tests_Authentication" time="1" tests="0" failures="1" errors="0">
   <testsuite name="Tests_Authentication" tests="0" failures="1" errors="0" time="1" timestamp="2018-02-20 22:55:52" hostname="aekachaiboonruang - pondthaitay.local" id="Test Suites/Tests_Authentication">
      <properties>
         <property name="deviceName" value=""/>
         <property name="devicePlatform" value=""/>
         <property name="logFolder" value="/Users/aekachaiboonruang/Desktop/Riderr-Automated test/Api/Reports/Tests_Authentication/20180220_225549"/>
         <property name="logFiles" value="/Users/aekachaiboonruang/Desktop/Riderr-Automated test/Api/Reports/Tests_Authentication/20180220_225549/execution0.log"/>
         <property name="attachments" value=""/>
         <property name="hostName" value="aekachaiboonruang - pondthaitay.local"/>
         <property name="hostAddress" value="169.254.125.57"/>
         <property name="os" value="Mac OS X 64bit"/>
         <property name="katalonVersion" value="5.2.0.1"/>
      </properties>
      <testcase name="Test Cases/Register/Login successful case" classname="Test Cases/Register/Login successful case" status="FAILED">
         <failure type="FAILED" message="Expected element property value 'blogger2@gmail.com' is not equal with actual property value 'sniperaek+10@gmail.com'"/>
         <system-out><![CDATA[2018-02-20 22:55:53 - [TEST_CASE][FAILED] - Test Cases/Register/Login successful case: Test Cases/Register/Login successful case FAILED because (of) Expected element property value 'blogger2@gmail.com' is not equal with actual property value 'sniperaek+10@gmail.com'

2018-02-20 22:55:53 - [TEST_STEP][PASSED] - Start listener action : sampleBeforeTestCase: Invoke 'com.kms.katalon.core.annotation.BeforeTestCase' method: 'NewTestListener.sampleBeforeTestCase(...)' completed.

2018-02-20 22:55:53 - [TEST_STEP][PASSED] - Statement - println(testCaseContext.getTestCaseId()): null

2018-02-20 22:55:53 - [TEST_STEP][PASSED] - Statement - println(testCaseContext.getTestCaseVariables()): Invoke 'com.kms.katalon.core.annotation.BeforeTestCase' method: 'NewTestListener.sampleBeforeTestCase(...)' completed.

2018-02-20 22:55:53 - [TEST_STEP][PASSED] - Statement - response = com.kms.katalon.core.webservice.keyword.WSBuiltInKeywords.sendRequest(com.kms.katalon.core.testobject.ObjectRepository.findTestObject(Login/Login)): Send request successfully

2018-02-20 22:55:54 - [MESSAGE][PASSED] - Send request successfully

2018-02-20 22:55:54 - [TEST_STEP][PASSED] - verifyResponseStatusCode: Verify response status code successfully

2018-02-20 22:55:54 - [MESSAGE][PASSED] - Verify response status code successfully

2018-02-20 22:55:54 - [TEST_STEP][FAILED] - verifyElementPropertyValue: Expected element property value 'blogger2@gmail.com' is not equal with actual property value 'sniperaek+10@gmail.com'

2018-02-20 22:55:54 - [MESSAGE][FAILED] - Expected element property value 'blogger2@gmail.com' is not equal with actual property value 'sniperaek+10@gmail.com'

2018-02-20 22:55:54 - [TEST_STEP][PASSED] - Start listener action : sampleAfterTestCase: Invoke 'com.kms.katalon.core.annotation.AfterTestCase' method: 'NewTestListener.sampleAfterTestCase(...)' completed.

2018-02-20 22:55:54 - [TEST_STEP][PASSED] - Statement - println(testCaseContext.getTestCaseId()): null

2018-02-20 22:55:54 - [TEST_STEP][PASSED] - Statement - println(testCaseContext.getTestCaseStatus()): Invoke 'com.kms.katalon.core.annotation.AfterTestCase' method: 'NewTestListener.sampleAfterTestCase(...)' completed.]]></system-out>
         <system-err><![CDATA[2018-02-20 22:55:53 - [TEST_CASE][FAILED] - Test Cases/Register/Login successful case: Test Cases/Register/Login successful case FAILED because (of) Expected element property value 'blogger2@gmail.com' is not equal with actual property value 'sniperaek+10@gmail.com']]></system-err>
      </testcase>
      <system-out><![CDATA[2018-02-20 22:55:52 - [TEST_SUITE][FAILED] - Tests_Authentication: Test Cases/Register/Login successful case FAILED because (of) Expected element property value 'blogger2@gmail.com' is not equal with actual property value 'sniperaek+10@gmail.com']]></system-out>
      <system-err><![CDATA[2018-02-20 22:55:52 - [TEST_SUITE][FAILED] - Tests_Authentication: Test Cases/Register/Login successful case FAILED because (of) Expected element property value 'blogger2@gmail.com' is not equal with actual property value 'sniperaek+10@gmail.com']]></system-err>
   </testsuite>
</testsuites>
